#
# There is insufficient memory for the Java Runtime Environment to continue.
# Native memory allocation (mmap) failed to map 190840832 bytes. Error detail: G1 virtual space
# Possible reasons:
#   The system is out of physical RAM or swap space
#   This process is running with CompressedOops enabled, and the Java Heap may be blocking the growth of the native heap
# Possible solutions:
#   Reduce memory load on the system
#   Increase physical memory or swap space
#   Check if swap backing store is full
#   Decrease Java heap size (-Xmx/-Xms)
#   Decrease number of Java threads
#   Decrease Java thread stack sizes (-Xss)
#   Set larger code cache with -XX:ReservedCodeCacheSize=
#   JVM is running with Zero Based Compressed Oops mode in which the Java heap is
#     placed in the first 32GB address space. The Java Heap base address is the
#     maximum limit for the native heap growth. Please use -XX:HeapBaseMinAddress
#     to set the Java Heap base and to place the Java Heap above 32GB virtual address.
# This output file may be truncated or incomplete.
#
#  Out of Memory Error (os_windows.cpp:3618), pid=17316, tid=7740
#
# JRE version:  (17.0.14+7) (build )
# Java VM: OpenJDK 64-Bit Server VM (17.0.14+7, mixed mode, sharing, tiered, compressed oops, compressed class ptrs, g1 gc, windows-amd64)
# No core dump will be written. Minidumps are not enabled by default on client versions of Windows
#

---------------  S U M M A R Y ------------

Command Line: App

Host: AMD Ryzen 5 4500U with Radeon Graphics         , 6 cores, 11G,  Windows 11 , 64 bit Build 26100 (10.0.26100.8246)
Time: Wed May 13 23:32:59 2026 SE Asia Standard Time elapsed time: 0.327179 seconds (0d 0h 0m 0s)

---------------  T H R E A D  ---------------

Current thread (0x00000201200dcef0):  JavaThread "Unknown thread" [_thread_in_vm, id=7740, stack(0x0000000de6700000,0x0000000de6800000)]

Stack: [0x0000000de6700000,0x0000000de6800000]
Native frames: (J=compiled Java code, j=interpreted, Vv=VM code, C=native code)
V  [jvm.dll+0x682eb9]
V  [jvm.dll+0x8399c8]
V  [jvm.dll+0x83b473]
V  [jvm.dll+0x83bae3]
V  [jvm.dll+0x24715f]
V  [jvm.dll+0x67fc99]
V  [jvm.dll+0x674b8a]
V  [jvm.dll+0x304c06]
V  [jvm.dll+0x30c0c6]
V  [jvm.dll+0x35dc3e]
V  [jvm.dll+0x35de7d]
V  [jvm.dll+0x2dbfcc]
V  [jvm.dll+0x2dcee4]
V  [jvm.dll+0x80b8db]
V  [jvm.dll+0x36b671]
V  [jvm.dll+0x7ea2cf]
V  [jvm.dll+0x3f226f]
V  [jvm.dll+0x3f3da1]
C  [jli.dll+0x5278]
C  [ucrtbase.dll+0x37b0]
C  [KERNEL32.DLL+0x2e8d7]
C  [ntdll.dll+0x8c3fc]


---------------  P R O C E S S  ---------------

Threads class SMR info:
_java_thread_list=0x00007ff8c5db7f58, length=0, elements={
}

Java Threads: ( => current thread )

Other Threads:
  0x0000020120133610 GCTaskThread "GC Thread#0" [stack: 0x0000000de6800000,0x0000000de6900000] [id=1448]
  0x0000020120140a50 ConcurrentGCThread "G1 Main Marker" [stack: 0x0000000de6900000,0x0000000de6a00000] [id=7780]
  0x0000020120142050 ConcurrentGCThread "G1 Conc#0" [stack: 0x0000000de6a00000,0x0000000de6b00000] [id=15692]

[error occurred during error reporting (printing all threads), id 0xc0000005, EXCEPTION_ACCESS_VIOLATION (0xc0000005) at pc=0x00007ff8c556caf7]

VM state: not at safepoint (not fully initialized)

VM Mutex/Monitor currently owned by a thread:  ([mutex/lock_event])
[0x00000201200db510] Heap_lock - owner thread: 0x00000201200dcef0

Heap address: 0x000000074a200000, size: 2910 MB, Compressed Oops mode: Zero based, Oop shift amount: 3

CDS archive(s) mapped at: [0x0000000000000000-0x0000000000000000-0x0000000000000000), size 0, SharedBaseAddress: 0x0000000800000000, ArchiveRelocationMode: 1.
Narrow klass base: 0x0000000000000000, Narrow klass shift: 0, Narrow klass range: 0x0

GC Precious Log:
<Empty>

Heap:
 garbage-first heap   total 0K, used 0K [0x000000074a200000, 0x0000000800000000)
  region size 2048K, 0 young (0K), 0 survivors (0K)

[error occurred during error reporting (printing heap information), id 0xc0000005, EXCEPTION_ACCESS_VIOLATION (0xc0000005) at pc=0x00007ff8c595c619]

GC Heap History (0 events):
No events

Dll operation events (1 events):
Event: 0.011 Loaded shared library C:\Program Files\Eclipse Adoptium\jdk-17.0.14.7-hotspot\bin\java.dll

Deoptimization events (0 events):
No events

Classes loaded (0 events):
No events

Classes unloaded (0 events):
No events

Classes redefined (0 events):
No events

Internal exceptions (0 events):
No events

VM Operations (0 events):
No events

Memory protections (0 events):
No events

Nmethod flushes (0 events):
No events

Events (0 events):
No events


Dynamic libraries:
0x00007ff672740000 - 0x00007ff67274e000 	C:\Program Files\Eclipse Adoptium\jdk-17.0.14.7-hotspot\bin\java.exe
0x00007ff97c0a0000 - 0x00007ff97c307000 	C:\WINDOWS\SYSTEM32\ntdll.dll
0x00007ff97b770000 - 0x00007ff97b839000 	C:\WINDOWS\System32\KERNEL32.DLL
0x00007ff979270000 - 0x00007ff979664000 	C:\WINDOWS\System32\KERNELBASE.dll
0x00007ff9798d0000 - 0x00007ff979a1b000 	C:\WINDOWS\System32\ucrtbase.dll
0x00007ff96e5b0000 - 0x00007ff96e5c7000 	C:\Program Files\Eclipse Adoptium\jdk-17.0.14.7-hotspot\bin\jli.dll
0x00007ff96be90000 - 0x00007ff96beae000 	C:\Program Files\Eclipse Adoptium\jdk-17.0.14.7-hotspot\bin\VCRUNTIME140.dll
0x00007ff97b430000 - 0x00007ff97b5f5000 	C:\WINDOWS\System32\USER32.dll
0x00007ff9798a0000 - 0x00007ff9798c7000 	C:\WINDOWS\System32\win32u.dll
0x00007ff9649c0000 - 0x00007ff964c53000 	C:\WINDOWS\WinSxS\amd64_microsoft.windows.common-controls_6595b64144ccf1df_6.0.26100.8115_none_3e075c82e3354f9c\COMCTL32.dll
0x00007ff97adb0000 - 0x00007ff97addb000 	C:\WINDOWS\System32\GDI32.dll
0x00007ff97aab0000 - 0x00007ff97ab59000 	C:\WINDOWS\System32\msvcrt.dll
0x00007ff979a20000 - 0x00007ff979b4b000 	C:\WINDOWS\System32\gdi32full.dll
0x00007ff979b50000 - 0x00007ff979bf3000 	C:\WINDOWS\System32\msvcp_win.dll
0x00007ff97b8e0000 - 0x00007ff97b912000 	C:\WINDOWS\System32\IMM32.DLL
0x00007ff970e60000 - 0x00007ff970e6c000 	C:\Program Files\Eclipse Adoptium\jdk-17.0.14.7-hotspot\bin\vcruntime140_1.dll
0x00007ff95fcc0000 - 0x00007ff95fd4d000 	C:\Program Files\Eclipse Adoptium\jdk-17.0.14.7-hotspot\bin\msvcp140.dll
0x00007ff8c5280000 - 0x00007ff8c5eeb000 	C:\Program Files\Eclipse Adoptium\jdk-17.0.14.7-hotspot\bin\server\jvm.dll
0x00007ff97bf30000 - 0x00007ff97bfe6000 	C:\WINDOWS\System32\ADVAPI32.dll
0x00007ff97ad00000 - 0x00007ff97ada7000 	C:\WINDOWS\System32\sechost.dll
0x00007ff97be10000 - 0x00007ff97bf28000 	C:\WINDOWS\System32\RPCRT4.dll
0x00007ff97b600000 - 0x00007ff97b680000 	C:\WINDOWS\System32\WS2_32.dll
0x00007ff9787d0000 - 0x00007ff97882e000 	C:\WINDOWS\SYSTEM32\POWRPROF.dll
0x00007ff972360000 - 0x00007ff972396000 	C:\WINDOWS\SYSTEM32\WINMM.dll
0x00007ff973150000 - 0x00007ff97315b000 	C:\WINDOWS\SYSTEM32\VERSION.dll
0x00007ff9787b0000 - 0x00007ff9787c4000 	C:\WINDOWS\SYSTEM32\UMPDC.dll
0x00007ff977700000 - 0x00007ff97771b000 	C:\WINDOWS\SYSTEM32\kernel.appcore.dll
0x00007ff96c520000 - 0x00007ff96c52a000 	C:\Program Files\Eclipse Adoptium\jdk-17.0.14.7-hotspot\bin\jimage.dll
0x00007ff976b70000 - 0x00007ff976db2000 	C:\WINDOWS\SYSTEM32\DBGHELP.DLL
0x00007ff979e30000 - 0x00007ff97a1b2000 	C:\WINDOWS\System32\combase.dll
0x00007ff97b690000 - 0x00007ff97b768000 	C:\WINDOWS\System32\OLEAUT32.dll
0x00007ff961a00000 - 0x00007ff961a3b000 	C:\WINDOWS\SYSTEM32\dbgcore.DLL
0x00007ff979c00000 - 0x00007ff979ca5000 	C:\WINDOWS\System32\bcryptPrimitives.dll
0x00007ff9655e0000 - 0x00007ff965605000 	C:\Program Files\Eclipse Adoptium\jdk-17.0.14.7-hotspot\bin\java.dll

dbghelp: loaded successfully - version: 4.0.5 - missing functions: none
symbol engine: initialized successfully - sym options: 0x614 - pdb path: .;C:\Program Files\Eclipse Adoptium\jdk-17.0.14.7-hotspot\bin;C:\WINDOWS\SYSTEM32;C:\WINDOWS\WinSxS\amd64_microsoft.windows.common-controls_6595b64144ccf1df_6.0.26100.8115_none_3e075c82e3354f9c;C:\Program Files\Eclipse Adoptium\jdk-17.0.14.7-hotspot\bin\server

VM Arguments:
java_command: App
java_class_path (initial): .
Launcher Type: SUN_STANDARD

[Global flags]
     intx CICompilerCount                          = 3                                         {product} {ergonomic}
     uint ConcGCThreads                            = 2                                         {product} {ergonomic}
     uint G1ConcRefinementThreads                  = 6                                         {product} {ergonomic}
   size_t G1HeapRegionSize                         = 2097152                                   {product} {ergonomic}
    uintx GCDrainStackTargetSize                   = 64                                        {product} {ergonomic}
   size_t InitialHeapSize                          = 190840832                                 {product} {ergonomic}
   size_t MarkStackSize                            = 4194304                                   {product} {ergonomic}
   size_t MaxHeapSize                              = 3051356160                                {product} {ergonomic}
   size_t MinHeapDeltaBytes                        = 2097152                                   {product} {ergonomic}
   size_t MinHeapSize                              = 8388608                                   {product} {ergonomic}
    uintx NonNMethodCodeHeapSize                   = 5832780                                {pd product} {ergonomic}
    uintx NonProfiledCodeHeapSize                  = 122912730                              {pd product} {ergonomic}
    uintx ProfiledCodeHeapSize                     = 122912730                              {pd product} {ergonomic}
    uintx ReservedCodeCacheSize                    = 251658240                              {pd product} {ergonomic}
     bool SegmentedCodeCache                       = true                                      {product} {ergonomic}
   size_t SoftMaxHeapSize                          = 3051356160                             {manageable} {ergonomic}
     bool UseCompressedClassPointers               = true                           {product lp64_product} {ergonomic}
     bool UseCompressedOops                        = true                           {product lp64_product} {ergonomic}
     bool UseG1GC                                  = true                                      {product} {ergonomic}
     bool UseLargePagesIndividualAllocation        = false                                  {pd product} {ergonomic}

Logging:
Log output configuration:
 #0: stdout all=warning uptime,level,tags
 #1: stderr all=off uptime,level,tags

Environment Variables:
JAVA_HOME=C:\Program Files\Eclipse Adoptium\jdk-17.0.14.7-hotspot\
PATH=C:\Users\Lenovo\.bun\bin;C:\Users\Lenovo\bin;C:\Program Files\Git\mingw64\bin;C:\Program Files\Git\usr\local\bin;C:\Program Files\Git\usr\bin;C:\Program Files\Git\usr\bin;C:\Program Files\Git\mingw64\bin;C:\Program Files\Git\usr\bin;C:\Users\Lenovo\bin;C:\Program Files\Eclipse Adoptium\jdk-17.0.14.7-hotspot\bin;C:\WINDOWS\system32;C:\WINDOWS;C:\WINDOWS\System32\Wbem;C:\WINDOWS\System32\WindowsPowerShell\v1.0;C:\WINDOWS\System32\OpenSSH;C:\Program Files\Git\cmd;C:\Program Files (x86)\Windows Kits\10\Windows Performance Toolkit;C:\xampp\php;C:\ProgramData\ComposerSetup\bin;C:\Program Files\dotnet;%NVM_HOME%;%NVM_SYMLINK%;C:\Program Files\MySQL\MySQL Shell 8.0\bin;C:\Users\Lenovo\AppData\Local\Microsoft\WindowsApps;C:\Users\Lenovo\AppData\Local\Programs\Microsoft VS Code\bin;C:\Users\Lenovo\AppData\Roaming\npm;C:\flutter\bin;C:\Users\Lenovo\AppData\Roaming\Composer\vendor\bin;C:\personal-aisyah\mysql\bin;C:\Users\Lenovo\AppData\Local\Microsoft\WindowsApps;C:\Users\Lenovo\AppData\Local\Programs\cursor\resources\app\bin;C:\Users\Lenovo\.bun\bin;C:\Users\Lenovo\AppData\Local\nvm;C:\nvm4w\nodejs;C:\Users\Lenovo\AppData\Local\Programs\Antigravity\bin;C:\Program Files\Git\usr\bin\vendor_perl;C:\Program Files\Git\usr\bin\core_perl
USERNAME=Lenovo
SHELL=C:\Program Files\Git\usr\bin\bash.exe
DISPLAY=needs-to-be-defined
LANG=en_US.UTF-8
LC_CTYPE=en_US.UTF-8
TERM=xterm
TMPDIR=C:\Users\Lenovo\AppData\Local\Temp
OS=Windows_NT
PROCESSOR_IDENTIFIER=AMD64 Family 23 Model 96 Stepping 1, AuthenticAMD
TMP=C:\Users\Lenovo\AppData\Local\Temp
TEMP=C:\Users\Lenovo\AppData\Local\Temp



Periodic native trim disabled


---------------  S Y S T E M  ---------------

OS:
 Windows 11 , 64 bit Build 26100 (10.0.26100.8246)
OS uptime: 0 days 2:56 hours

CPU: total 6 (initial active 6) (6 cores per cpu, 1 threads per core) family 23 model 96 stepping 1 microcode 0x8600106, cx8, cmov, fxsr, mmx, 3dnowpref, sse, sse2, sse3, ssse3, sse4a, sse4.1, sse4.2, popcnt, lzcnt, tsc, tscinvbit, avx, avx2, aes, clmul, bmi1, bmi2, adx, sha, fma, vzeroupper, clflush, clflushopt
Processor Information for processor 0
  Max Mhz: 2375, Current Mhz: 2375, Mhz Limit: 2375
Processor Information for processor 1
  Max Mhz: 2375, Current Mhz: 2375, Mhz Limit: 2375
Processor Information for processor 2
  Max Mhz: 2375, Current Mhz: 2375, Mhz Limit: 2375
Processor Information for processor 3
  Max Mhz: 2375, Current Mhz: 2375, Mhz Limit: 2375
Processor Information for processor 4
  Max Mhz: 2375, Current Mhz: 1400, Mhz Limit: 2375
Processor Information for processor 5
  Max Mhz: 2375, Current Mhz: 1400, Mhz Limit: 2375

Memory: 4k page, system-wide physical 11638M (3516M free)
TotalPageFile size 11638M (AvailPageFile size 115M)
current process WorkingSet (physical memory assigned to process): 12M, peak: 12M
current process commit charge ("private bytes"): 56M, peak: 238M

vm_info: OpenJDK 64-Bit Server VM (17.0.14+7) for windows-amd64 JRE (17.0.14+7), built on Jan 21 2025 23:40:15 by "admin" with MS VC++ 17.7 (VS2022)

END.
